<?xml version="1.0" encoding="UTF-8"?>
<!-- Generated by org.testng.reporters.JUnitReportReporter -->
<testsuite hostname="Tejashwini" failures="0" tests="1" name="tests.TwoTest" time="4.200" errors="0" timestamp="2023-03-17T15:28:08 IST" skipped="0">
  <testcase classname="tests.TwoTest" name="two" time="4.200"/>
  <system-out/>
</testsuite> <!-- tests.TwoTest -->
