<?xml version="1.0" encoding="UTF-8"?>
<!-- Generated by org.testng.reporters.JUnitReportReporter -->
<testsuite hostname="Tejashwini" failures="0" tests="1" name="tests.ThreeTest" time="7.193" errors="0" timestamp="2023-03-17T16:29:27 IST" skipped="0">
  <testcase classname="tests.ThreeTest" name="threeTest" time="7.193"/>
  <system-out/>
</testsuite> <!-- tests.ThreeTest -->
