<?xml version="1.0" encoding="UTF-8"?>
<!-- Generated by org.testng.reporters.JUnitReportReporter -->
<testsuite hostname="Tejashwini" failures="0" tests="1" name="tests.LoginTest" time="16.749" errors="0" timestamp="2023-03-17T16:29:27 IST" skipped="0">
  <testcase classname="tests.LoginTest" name="login" time="16.749"/>
  <system-out/>
</testsuite> <!-- tests.LoginTest -->
