<?xml version="1.0" encoding="UTF-8"?>
<!-- Generated by org.testng.reporters.JUnitReportReporter -->
<testsuite hostname="Tejashwini" failures="0" tests="1" name="tests.TwoTest" time="0.005" errors="0" timestamp="2023-03-16T16:15:29 IST" skipped="0">
  <testcase classname="tests.TwoTest" name="two" time="0.005"/>
  <system-out/>
</testsuite> <!-- tests.TwoTest -->
